<?xml version="1.0" encoding="UTF-8"?>
<testsuite xmlns:xsi="http://www.w3.org/2001/XMLSchema-instance" xsi:noNamespaceSchemaLocation="https://maven.apache.org/surefire/maven-surefire-plugin/xsd/surefire-test-report-3.0.xsd" version="3.0" name="test.RunCucumberTest" time="1.021" tests="1" errors="0" skipped="0" failures="1">
  <properties>
[...]
</properties>
  <testcase name="Validate DB data for event payload" classname="Event-driven DB validation" time="0.671">
    <failure message="Validation failed for table audit" type="java.lang.AssertionError"><![CDATA[java.lang.AssertionError: Validation failed for table audit
	at stepdefinitions.Testautomation.validateDatabase(Testautomation.java:141)
	at ✽.database values should match expected data(file:///C:/Users/bharg/Desktop/FI/src/test/resources/event_validation.feature:5)
]]></failure>
    <system-out><![CDATA[================================================================
DB EVENT VALIDATION
Payload     : src/main/resources/payloads/event_payload.json
Expected    : src/main/resources/expected/audit_expected_data.json
Schema dir  : src/main/resources/schemas
DB          : localhost:3306/job_processing_db
================================================================
[Testautomation] EXPECTED: loaded audit_expected_data.json rows=2 matched=2 lookupColumns=[id, operation]
[Testautomation] EXPECTED: loaded item_details_expected_data.json rows=5 matched=0 lookupColumns=[orderid]
[Testautomation] EXPECTED: loaded job_queue_arch_expected_data.json rows=2 matched=2 lookupColumns=[id]
[Testautomation] EXPECTED: loaded job_queue_expected_data.json rows=5 matched=0 lookupColumns=[id]
Scenario
  eventId   : dcc-test-01
  orderId   : dcc-1-1001
Table       : audit
ExpectedRows: 2
[Testautomation] DB: fetching table=audit by {id=dcc-test-01, operation=Open}
[DB] JDBC URL: jdbc:mysql://localhost:3306/job_processing_db?useSSL=false&allowPublicKeyRetrieval=true
[DB] Query: SELECT * FROM audit WHERE id = ? AND operation = ?
[DB] Params: [dcc-test-01, Open]
[JsonCompare] Comparing row. Expected keys=6 Actual keys=6
Status      : FAIL
Columns     : total=6 pass=5 fail=1 skipped=0
================================================================
[Testautomation] DB: fetching table=audit by {id=dcc-test-01, operation=Publish}
[DB] JDBC URL: jdbc:mysql://localhost:3306/job_processing_db?useSSL=false&allowPublicKeyRetrieval=true
[DB] Query: SELECT * FROM audit WHERE id = ? AND operation = ?
[DB] Params: [dcc-test-01, Publish]
[JsonCompare] Comparing row. Expected keys=6 Actual keys=6
Status      : FAIL
Columns     : total=6 pass=5 fail=1 skipped=0
================================================================
[Testautomation] No expected rows for table=item_details (skipped)
Table       : job_queue_arch
ExpectedRows: 1
[Testautomation] DB: fetching table=job_queue_arch by {id=dcc-test-01}
[DB] JDBC URL: jdbc:mysql://localhost:3306/job_processing_db?useSSL=false&allowPublicKeyRetrieval=true
[DB] Query: SELECT * FROM job_queue_arch WHERE id = ?
[DB] Params: [dcc-test-01]
[JsonCompare] Comparing row. Expected keys=6 Actual keys=6
Status      : FAIL
Columns     : total=29 pass=28 fail=1 skipped=0
================================================================
[Testautomation] No expected rows for table=job_queue (skipped)
Scenario
  eventId   : dcc-test-02
  orderId   : col-dcc1007
Table       : audit
ExpectedRows: 2
[Testautomation] DB: fetching table=audit by {id=dcc-test-02, operation=Open}
[DB] JDBC URL: jdbc:mysql://localhost:3306/job_processing_db?useSSL=false&allowPublicKeyRetrieval=true
[DB] Query: SELECT * FROM audit WHERE id = ? AND operation = ?
[DB] Params: [dcc-test-02, Open]
Status      : FAIL
Columns     : total=0 pass=0 fail=0 skipped=0
================================================================
[Testautomation] DB: fetching table=audit by {id=dcc-test-02, operation=Publish}
[DB] JDBC URL: jdbc:mysql://localhost:3306/job_processing_db?useSSL=false&allowPublicKeyRetrieval=true
[DB] Query: SELECT * FROM audit WHERE id = ? AND operation = ?
[DB] Params: [dcc-test-02, Publish]
Status      : FAIL
Columns     : total=0 pass=0 fail=0 skipped=0
================================================================
[Testautomation] No expected rows for table=item_details (skipped)
Table       : job_queue_arch
ExpectedRows: 2
[Testautomation] DB: fetching table=job_queue_arch by {id=dcc-test-02}
[DB] JDBC URL: jdbc:mysql://localhost:3306/job_processing_db?useSSL=false&allowPublicKeyRetrieval=true
[DB] Query: SELECT * FROM job_queue_arch WHERE id = ?
[DB] Params: [dcc-test-02]
[JsonCompare] Comparing row. Expected keys=6 Actual keys=6
Status      : FAIL
Columns     : total=29 pass=26 fail=1 skipped=2
================================================================
[Testautomation] DB: fetching table=job_queue_arch by {id=dcc-test-02}
[DB] JDBC URL: jdbc:mysql://localhost:3306/job_processing_db?useSSL=false&allowPublicKeyRetrieval=true
[DB] Query: SELECT * FROM job_queue_arch WHERE id = ?
[DB] Params: [dcc-test-02]
[JsonCompare] Comparing row. Expected keys=6 Actual keys=6
Status      : PASS
Columns     : total=29 pass=29 fail=0 skipped=0
================================================================
[Testautomation] No expected rows for table=job_queue (skipped)
RUN SUMMARY
  tableReports : 7 (pass=1, fail=6)
  columns      : pass=93, fail=4, skipped=2
  passReport   : target\validation-reports\pass-report-1771244202742.csv
FAILED/SKIPPED CASES
table          | columnname                   | order/id    | expected    | actual      | status  | error message                          
---------------+------------------------------+-------------+-------------+-------------+---------+----------------------------------------
audit          | orderid                      | dcc-test-01 | col-dcc1007 | dcc-1-1001  | FAIL    | Mismatch                               
audit          | orderid                      | dcc-test-01 | col-dcc1007 | dcc-1-1001  | FAIL    | Mismatch                               
job_queue_arch | orderid                      | dcc-test-01 | col-dcc1007 | dcc-1-1001  | FAIL    | Mismatch                               
audit          | <global>                     | dcc-test-02 | <n/a>       | <n/a>       | FAIL    | Row count mismatch. expected=1 actual=0
audit          | <global>                     | dcc-test-02 | <n/a>       | <n/a>       | FAIL    | Row count mismatch. expected=1 actual=0
job_queue_arch | id                           | dcc-test-02 | dcc-test-01 | dcc-test-02 | FAIL    | Mismatch                               
job_queue_arch | eventpayload[0].id           | dcc-test-02 | dcc-test-01 | dcc-test-02 | SKIPPED | Not required; mismatch skipped         
job_queue_arch | eventpayload[0].data.orderId | dcc-test-02 | dcc-1-1001  | col-dcc1007 | SKIPPED | Not required; mismatch skipped         
================================================================
]]></system-out>
  </testcase>
</testsuite>