-------------------------------------------------------------------------------
Test set: test.RunCucumberTest
-------------------------------------------------------------------------------
Tests run: 1, Failures: 1, Errors: 0, Skipped: 0, Time elapsed: 1.021 s <<< FAILURE! -- in test.RunCucumberTest
Event-driven DB validation.Validate DB data for event payload -- Time elapsed: 0.671 s <<< FAILURE!
java.lang.AssertionError: Validation failed for table audit
	at stepdefinitions.Testautomation.validateDatabase(Testautomation.java:141)
	at âœ½.database values should match expected data(file:///C:/Users/bharg/Desktop/FI/src/test/resources/event_validation.feature:5)

