<?xml version="1.0" encoding="UTF-8"?>
<testsuite xmlns:xsi="http://www.w3.org/2001/XMLSchema-instance" xsi:noNamespaceSchemaLocation="https://maven.apache.org/surefire/maven-surefire-plugin/xsd/surefire-test-report-3.0.xsd" version="3.0" name="test.RunCucumberTest" time="1.021" tests="1" errors="0" skipped="0" failures="1">
  <properties>
    <property name="cucumber.publish.quiet" value="true"/>
    <property name="java.specification.version" value="24"/>
    <property name="sun.cpu.isalist" value="amd64"/>
    <property name="sun.jnu.encoding" value="Cp1252"/>
    <property name="java.class.path" value="C:\Users\bharg\Desktop\FI\target\test-classes;C:\Users\bharg\Desktop\FI\target\classes;C:\Users\bharg\.m2\repository\io\cucumber\cucumber-java\7.18.1\cucumber-java-7.18.1.jar;C:\Users\bharg\.m2\repository\io\cucumber\cucumber-core\7.18.1\cucumber-core-7.18.1.jar;C:\Users\bharg\.m2\repository\io\cucumber\cucumber-gherkin\7.18.1\cucumber-gherkin-7.18.1.jar;C:\Users\bharg\.m2\repository\io\cucumber\cucumber-gherkin-messages\7.18.1\cucumber-gherkin-messages-7.18.1.jar;C:\Users\bharg\.m2\repository\io\cucumber\gherkin\28.0.0\gherkin-28.0.0.jar;C:\Users\bharg\.m2\repository\io\cucumber\messages\24.1.0\messages-24.1.0.jar;C:\Users\bharg\.m2\repository\io\cucumber\testng-xml-formatter\0.2.0\testng-xml-formatter-0.2.0.jar;C:\Users\bharg\.m2\repository\io\cucumber\query\12.2.0\query-12.2.0.jar;C:\Users\bharg\.m2\repository\io\cucumber\tag-expressions\6.1.0\tag-expressions-6.1.0.jar;C:\Users\bharg\.m2\repository\io\cucumber\cucumber-expressions\17.1.0\cucumber-expressions-17.1.0.jar;C:\Users\bharg\.m2\repository\io\cucumber\datatable\7.18.1\datatable-7.18.1.jar;C:\Users\bharg\.m2\repository\io\cucumber\cucumber-plugin\7.18.1\cucumber-plugin-7.18.1.jar;C:\Users\bharg\.m2\repository\io\cucumber\docstring\7.18.1\docstring-7.18.1.jar;C:\Users\bharg\.m2\repository\io\cucumber\html-formatter\21.4.1\html-formatter-21.4.1.jar;C:\Users\bharg\.m2\repository\io\cucumber\junit-xml-formatter\0.5.0\junit-xml-formatter-0.5.0.jar;C:\Users\bharg\.m2\repository\io\cucumber\ci-environment\10.0.1\ci-environment-10.0.1.jar;C:\Users\bharg\.m2\repository\org\apiguardian\apiguardian-api\1.1.2\apiguardian-api-1.1.2.jar;C:\Users\bharg\.m2\repository\io\cucumber\cucumber-junit\7.18.1\cucumber-junit-7.18.1.jar;C:\Users\bharg\.m2\repository\junit\junit\4.13.2\junit-4.13.2.jar;C:\Users\bharg\.m2\repository\org\hamcrest\hamcrest-core\1.3\hamcrest-core-1.3.jar;C:\Users\bharg\.m2\repository\com\fasterxml\jackson\core\jackson-databind\2.17.2\jackson-databind-2.17.2.jar;C:\Users\bharg\.m2\repository\com\fasterxml\jackson\core\jackson-annotations\2.17.2\jackson-annotations-2.17.2.jar;C:\Users\bharg\.m2\repository\com\fasterxml\jackson\core\jackson-core\2.17.2\jackson-core-2.17.2.jar;C:\Users\bharg\.m2\repository\com\mysql\mysql-connector-j\9.0.0\mysql-connector-j-9.0.0.jar;C:\Users\bharg\.m2\repository\com\google\protobuf\protobuf-java\4.26.1\protobuf-java-4.26.1.jar;"/>
    <property name="java.vm.vendor" value="Oracle Corporation"/>
    <property name="sun.arch.data.model" value="64"/>
    <property name="user.variant" value=""/>
    <property name="java.vendor.url" value="https://java.oracle.com/"/>
    <property name="user.timezone" value="Asia/Calcutta"/>
    <property name="os.name" value="Windows 11"/>
    <property name="java.vm.specification.version" value="24"/>
    <property name="sun.java.launcher" value="SUN_STANDARD"/>
    <property name="user.country" value="IN"/>
    <property name="sun.boot.library.path" value="C:\Program Files\Java\jdk-24\bin"/>
    <property name="sun.java.command" value="C:\Users\bharg\AppData\Local\Temp\surefire10169375192967768489\surefirebooter-20260216174641395_3.jar C:\Users\bharg\AppData\Local\Temp\surefire10169375192967768489 2026-02-16T17-46-41_222-jvmRun1 surefire-20260216174641395_1tmp surefire_0-20260216174641395_2tmp"/>
    <property name="jdk.debug" value="release"/>
    <property name="surefire.test.class.path" value="C:\Users\bharg\Desktop\FI\target\test-classes;C:\Users\bharg\Desktop\FI\target\classes;C:\Users\bharg\.m2\repository\io\cucumber\cucumber-java\7.18.1\cucumber-java-7.18.1.jar;C:\Users\bharg\.m2\repository\io\cucumber\cucumber-core\7.18.1\cucumber-core-7.18.1.jar;C:\Users\bharg\.m2\repository\io\cucumber\cucumber-gherkin\7.18.1\cucumber-gherkin-7.18.1.jar;C:\Users\bharg\.m2\repository\io\cucumber\cucumber-gherkin-messages\7.18.1\cucumber-gherkin-messages-7.18.1.jar;C:\Users\bharg\.m2\repository\io\cucumber\gherkin\28.0.0\gherkin-28.0.0.jar;C:\Users\bharg\.m2\repository\io\cucumber\messages\24.1.0\messages-24.1.0.jar;C:\Users\bharg\.m2\repository\io\cucumber\testng-xml-formatter\0.2.0\testng-xml-formatter-0.2.0.jar;C:\Users\bharg\.m2\repository\io\cucumber\query\12.2.0\query-12.2.0.jar;C:\Users\bharg\.m2\repository\io\cucumber\tag-expressions\6.1.0\tag-expressions-6.1.0.jar;C:\Users\bharg\.m2\repository\io\cucumber\cucumber-expressions\17.1.0\cucumber-expressions-17.1.0.jar;C:\Users\bharg\.m2\repository\io\cucumber\datatable\7.18.1\datatable-7.18.1.jar;C:\Users\bharg\.m2\repository\io\cucumber\cucumber-plugin\7.18.1\cucumber-plugin-7.18.1.jar;C:\Users\bharg\.m2\repository\io\cucumber\docstring\7.18.1\docstring-7.18.1.jar;C:\Users\bharg\.m2\repository\io\cucumber\html-formatter\21.4.1\html-formatter-21.4.1.jar;C:\Users\bharg\.m2\repository\io\cucumber\junit-xml-formatter\0.5.0\junit-xml-formatter-0.5.0.jar;C:\Users\bharg\.m2\repository\io\cucumber\ci-environment\10.0.1\ci-environment-10.0.1.jar;C:\Users\bharg\.m2\repository\org\apiguardian\apiguardian-api\1.1.2\apiguardian-api-1.1.2.jar;C:\Users\bharg\.m2\repository\io\cucumber\cucumber-junit\7.18.1\cucumber-junit-7.18.1.jar;C:\Users\bharg\.m2\repository\junit\junit\4.13.2\junit-4.13.2.jar;C:\Users\bharg\.m2\repository\org\hamcrest\hamcrest-core\1.3\hamcrest-core-1.3.jar;C:\Users\bharg\.m2\repository\com\fasterxml\jackson\core\jackson-databind\2.17.2\jackson-databind-2.17.2.jar;C:\Users\bharg\.m2\repository\com\fasterxml\jackson\core\jackson-annotations\2.17.2\jackson-annotations-2.17.2.jar;C:\Users\bharg\.m2\repository\com\fasterxml\jackson\core\jackson-core\2.17.2\jackson-core-2.17.2.jar;C:\Users\bharg\.m2\repository\com\mysql\mysql-connector-j\9.0.0\mysql-connector-j-9.0.0.jar;C:\Users\bharg\.m2\repository\com\google\protobuf\protobuf-java\4.26.1\protobuf-java-4.26.1.jar;"/>
    <property name="sun.cpu.endian" value="little"/>
    <property name="user.home" value="C:\Users\bharg"/>
    <property name="user.language" value="en"/>
    <property name="java.specification.vendor" value="Oracle Corporation"/>
    <property name="java.version.date" value="2025-04-15"/>
    <property name="java.home" value="C:\Program Files\Java\jdk-24"/>
    <property name="file.separator" value="\"/>
    <property name="basedir" value="C:\Users\bharg\Desktop\FI"/>
    <property name="java.vm.compressedOopsMode" value="32-bit"/>
    <property name="line.separator" value="&#10;"/>
    <property name="java.vm.specification.vendor" value="Oracle Corporation"/>
    <property name="java.specification.name" value="Java Platform API Specification"/>
    <property name="surefire.real.class.path" value="C:\Users\bharg\AppData\Local\Temp\surefire10169375192967768489\surefirebooter-20260216174641395_3.jar"/>
    <property name="user.script" value=""/>
    <property name="sun.management.compiler" value="HotSpot 64-Bit Tiered Compilers"/>
    <property name="java.runtime.version" value="24.0.1+9-30"/>
    <property name="user.name" value="bharg"/>
    <property name="stdout.encoding" value="Cp1252"/>
    <property name="path.separator" value=";"/>
    <property name="os.version" value="10.0"/>
    <property name="java.runtime.name" value="Java(TM) SE Runtime Environment"/>
    <property name="file.encoding" value="UTF-8"/>
    <property name="java.vm.name" value="Java HotSpot(TM) 64-Bit Server VM"/>
    <property name="localRepository" value="C:\Users\bharg\.m2\repository"/>
    <property name="java.vendor.url.bug" value="https://bugreport.java.com/bugreport/"/>
    <property name="java.io.tmpdir" value="C:\Users\bharg\AppData\Local\Temp\"/>
    <property name="java.version" value="24.0.1"/>
    <property name="user.dir" value="C:\Users\bharg\Desktop\FI"/>
    <property name="os.arch" value="amd64"/>
    <property name="java.vm.specification.name" value="Java Virtual Machine Specification"/>
    <property name="sun.os.patch.level" value=""/>
    <property name="native.encoding" value="Cp1252"/>
    <property name="java.library.path" value="C:\Program Files\Java\jdk-24\bin;C:\WINDOWS\Sun\Java\bin;C:\WINDOWS\system32;C:\WINDOWS;C:\Python314\Scripts\;C:\Python314\;C:\Program Files\Common Files\Oracle\Java\javapath;C:\Windows\system32;C:\Windows;C:\Windows\System32\Wbem;C:\Windows\System32\WindowsPowerShell\v1.0\;C:\Windows\System32\OpenSSH\;C:\Program Files (x86)\NVIDIA Corporation\PhysX\Common;C:\Program Files\NVIDIA Corporation\NVIDIA NvDLISR;C:\Program Files\Intel\WiFi\bin\;C:\Program Files\Common Files\Intel\WirelessCommon\;C:\WINDOWS\system32;C:\WINDOWS;C:\WINDOWS\System32\Wbem;C:\WINDOWS\System32\WindowsPowerShell\v1.0\;C:\WINDOWS\System32\OpenSSH\;C:\Program Files\Git\cmd;C:\xampp\mysql\bin;C:\Program Files\mysql-commercial-9.3.0-winx64\bin;C:\Program Files\apache-maven-3.9.9\bin;C:\Program Files\Java\jdk-24\bin;C:\Program Files\TortoiseGit\bin;C:\Program Files\nodejs\;C:\ProgramData\chocolatey\bin;C:\Users\bharg\AppData\Local\Microsoft\WindowsApps;C:\Users\bharg\AppData\Local\Programs\Microsoft VS Code\bin;C:\Program Files\JetBrains\IntelliJ IDEA 2025.1.1.1\bin;;C:\Users\bharg\AppData\Roaming\npm;C:\Users\bharg\AppData\Local\Programs\cursor\resources\app\bin;."/>
    <property name="java.vm.info" value="mixed mode, sharing"/>
    <property name="stderr.encoding" value="Cp1252"/>
    <property name="java.vendor" value="Oracle Corporation"/>
    <property name="java.vm.version" value="24.0.1+9-30"/>
    <property name="sun.io.unicode.encoding" value="UnicodeLittle"/>
    <property name="java.class.version" value="68.0"/>
  </properties>
  <testcase name="Validate DB data for event payload" classname="Event-driven DB validation" time="0.671">
    <failure message="Validation failed for table audit" type="java.lang.AssertionError"><![CDATA[java.lang.AssertionError: Validation failed for table audit
	at stepdefinitions.Testautomation.validateDatabase(Testautomation.java:141)
	at âœ½.database values should match expected data(file:///C:/Users/bharg/Desktop/FI/src/test/resources/event_validation.feature:5)
]]></failure>
    <system-out><![CDATA[================================================================
DB EVENT VALIDATION
Payload     : src/main/resources/payloads/event_payload.json
Expected    : src/main/resources/expected/audit_expected_data.json
Schema dir  : src/main/resources/schemas
DB          : localhost:3306/job_processing_db
================================================================
[Testautomation] EXPECTED: loaded audit_expected_data.json rows=2 matched=2 lookupColumns=[id, operation]
[Testautomation] EXPECTED: loaded item_details_expected_data.json rows=5 matched=0 lookupColumns=[orderid]
[Testautomation] EXPECTED: loaded job_queue_arch_expected_data.json rows=2 matched=2 lookupColumns=[id]
[Testautomation] EXPECTED: loaded job_queue_expected_data.json rows=5 matched=0 lookupColumns=[id]
Scenario
  eventId   : dcc-test-01
  orderId   : dcc-1-1001
Table       : audit
ExpectedRows: 2
[Testautomation] DB: fetching table=audit by {id=dcc-test-01, operation=Open}
[DB] JDBC URL: jdbc:mysql://localhost:3306/job_processing_db?useSSL=false&allowPublicKeyRetrieval=true
[DB] Query: SELECT * FROM audit WHERE id = ? AND operation = ?
[DB] Params: [dcc-test-01, Open]
[JsonCompare] Comparing row. Expected keys=6 Actual keys=6
Status      : FAIL
Columns     : total=6 pass=5 fail=1 skipped=0
================================================================
[Testautomation] DB: fetching table=audit by {id=dcc-test-01, operation=Publish}
[DB] JDBC URL: jdbc:mysql://localhost:3306/job_processing_db?useSSL=false&allowPublicKeyRetrieval=true
[DB] Query: SELECT * FROM audit WHERE id = ? AND operation = ?
[DB] Params: [dcc-test-01, Publish]
[JsonCompare] Comparing row. Expected keys=6 Actual keys=6
Status      : FAIL
Columns     : total=6 pass=5 fail=1 skipped=0
================================================================
[Testautomation] No expected rows for table=item_details (skipped)
Table       : job_queue_arch
ExpectedRows: 1
[Testautomation] DB: fetching table=job_queue_arch by {id=dcc-test-01}
[DB] JDBC URL: jdbc:mysql://localhost:3306/job_processing_db?useSSL=false&allowPublicKeyRetrieval=true
[DB] Query: SELECT * FROM job_queue_arch WHERE id = ?
[DB] Params: [dcc-test-01]
[JsonCompare] Comparing row. Expected keys=6 Actual keys=6
Status      : FAIL
Columns     : total=29 pass=28 fail=1 skipped=0
================================================================
[Testautomation] No expected rows for table=job_queue (skipped)
Scenario
  eventId   : dcc-test-02
  orderId   : col-dcc1007
Table       : audit
ExpectedRows: 2
[Testautomation] DB: fetching table=audit by {id=dcc-test-02, operation=Open}
[DB] JDBC URL: jdbc:mysql://localhost:3306/job_processing_db?useSSL=false&allowPublicKeyRetrieval=true
[DB] Query: SELECT * FROM audit WHERE id = ? AND operation = ?
[DB] Params: [dcc-test-02, Open]
Status      : FAIL
Columns     : total=0 pass=0 fail=0 skipped=0
================================================================
[Testautomation] DB: fetching table=audit by {id=dcc-test-02, operation=Publish}
[DB] JDBC URL: jdbc:mysql://localhost:3306/job_processing_db?useSSL=false&allowPublicKeyRetrieval=true
[DB] Query: SELECT * FROM audit WHERE id = ? AND operation = ?
[DB] Params: [dcc-test-02, Publish]
Status      : FAIL
Columns     : total=0 pass=0 fail=0 skipped=0
================================================================
[Testautomation] No expected rows for table=item_details (skipped)
Table       : job_queue_arch
ExpectedRows: 2
[Testautomation] DB: fetching table=job_queue_arch by {id=dcc-test-02}
[DB] JDBC URL: jdbc:mysql://localhost:3306/job_processing_db?useSSL=false&allowPublicKeyRetrieval=true
[DB] Query: SELECT * FROM job_queue_arch WHERE id = ?
[DB] Params: [dcc-test-02]
[JsonCompare] Comparing row. Expected keys=6 Actual keys=6
Status      : FAIL
Columns     : total=29 pass=26 fail=1 skipped=2
================================================================
[Testautomation] DB: fetching table=job_queue_arch by {id=dcc-test-02}
[DB] JDBC URL: jdbc:mysql://localhost:3306/job_processing_db?useSSL=false&allowPublicKeyRetrieval=true
[DB] Query: SELECT * FROM job_queue_arch WHERE id = ?
[DB] Params: [dcc-test-02]
[JsonCompare] Comparing row. Expected keys=6 Actual keys=6
Status      : PASS
Columns     : total=29 pass=29 fail=0 skipped=0
================================================================
[Testautomation] No expected rows for table=job_queue (skipped)
RUN SUMMARY
  tableReports : 7 (pass=1, fail=6)
  columns      : pass=93, fail=4, skipped=2
  passReport   : target\validation-reports\pass-report-1771244202742.csv
FAILED/SKIPPED CASES
table          | columnname                   | order/id    | expected    | actual      | status  | error message                          
---------------+------------------------------+-------------+-------------+-------------+---------+----------------------------------------
audit          | orderid                      | dcc-test-01 | col-dcc1007 | dcc-1-1001  | FAIL    | Mismatch                               
audit          | orderid                      | dcc-test-01 | col-dcc1007 | dcc-1-1001  | FAIL    | Mismatch                               
job_queue_arch | orderid                      | dcc-test-01 | col-dcc1007 | dcc-1-1001  | FAIL    | Mismatch                               
audit          | <global>                     | dcc-test-02 | <n/a>       | <n/a>       | FAIL    | Row count mismatch. expected=1 actual=0
audit          | <global>                     | dcc-test-02 | <n/a>       | <n/a>       | FAIL    | Row count mismatch. expected=1 actual=0
job_queue_arch | id                           | dcc-test-02 | dcc-test-01 | dcc-test-02 | FAIL    | Mismatch                               
job_queue_arch | eventpayload[0].id           | dcc-test-02 | dcc-test-01 | dcc-test-02 | SKIPPED | Not required; mismatch skipped         
job_queue_arch | eventpayload[0].data.orderId | dcc-test-02 | dcc-1-1001  | col-dcc1007 | SKIPPED | Not required; mismatch skipped         
================================================================
]]></system-out>
  </testcase>
</testsuite>